<?xml version="1.0" encoding="UTF-8"?>
<testsuite xmlns:xsi="http://www.w3.org/2001/XMLSchema-instance" xsi:noNamespaceSchemaLocation="https://maven.apache.org/surefire/maven-surefire-plugin/xsd/surefire-test-report-3.0.xsd" version="3.0" name="com.bank.cliente.service.ClienteServiceTest" time="4.18" tests="5" errors="0" skipped="0" failures="0">
  <properties>
[...]
</properties>
  <testcase name="testFindAll" classname="com.bank.cliente.service.ClienteServiceTest" time="3.921">
    <system-out><![CDATA[16:45:44.165 [main] DEBUG reactor.util.Loggers - Using Slf4j logging framework
]]></system-out>
  </testcase>
  <testcase name="testSave" classname="com.bank.cliente.service.ClienteServiceTest" time="0.11"/>
  <testcase name="testFindById" classname="com.bank.cliente.service.ClienteServiceTest" time="0.008"/>
  <testcase name="testDelete" classname="com.bank.cliente.service.ClienteServiceTest" time="0.03"/>
  <testcase name="testUpdate" classname="com.bank.cliente.service.ClienteServiceTest" time="0.052"/>
</testsuite>